[QEMU VERSION]
ftvee@ft-vee:~/research/qemu$ ./build/qemu-system-x86_64 --version
QEMU emulator version 9.0.50 (v9.0.0-645-gb563959b90)
Copyright (c) 2003-2024 Fabrice Bellard and the QEMU Project developers

[ACCELERATOR SUPPORT]
ftvee@ft-vee:~/research/qemu$ ./build/qemu-system-x86_64 -accel help
Accelerators supported in QEMU binary:
tcg
kvm

[DISPLAY BACKENDS]
ftvee@ft-vee:~/research/qemu$ ./build/qemu-system-x86_64 -display help
Available display backend types:
none
gtk
egl-headless
dbus

[WORKING VM LAUNCH COMMAND]
./build/qemu-system-x86_64 \
 -accel kvm \
 -m 4096 -smp 4 \
 -drive file=ubuntu.qcow2,if=virtio \
 -netdev user,id=n0,hostfwd=tcp:127.0.0.1:2222-:22 \
 -device virtio-net-pci,netdev=n0 \
 -display gtk

[GUEST NETWORK STATUS]
ftvee@vee:~$ ip a
1: lo: <LOOPBACK,UP,LOWER_UP> mtu 65536 qdisc noqueue state UNKNOWN group default qlen 1000
    link/loopback 00:00:00:00:00:00 brd 00:00:00:00:00:00
    inet 127.0.0.1/8 scope host lo
       valid_lft forever preferred_lft forever
    inet6 ::1/128 scope host
       valid_lft forever preferred_lft forever
2: ens3: <BROADCAST,MULTICAST,UP,LOWER_UP> mtu 1500 qdisc fq_codel state UP group default qlen 1000
    link/ether 52:54:00:12:34:56 brd ff:ff:ff:ff:ff:ff
    altname enp0s3
    inet 10.0.2.15/24 brd 10.0.2.255 scope global dynamic ens3
       valid_lft 79914sec preferred_lft 79914sec
    inet6 fe80::5054:ff:fe12:3456/64 scope link
       valid_lft forever preferred_lft forever

ftvee@vee:~$ ip route
default via 10.0.2.2 dev ens3
10.0.2.0/24 dev ens3 proto kernel scope link src 10.0.2.15

[SSH STATUS]
ftvee@vee:~$ ss -tlnp | grep :22
LISTEN 0      128          0.0.0.0:22        0.0.0.0:*
LISTEN 0      128             [::]:22           [::]:*

[NOTES]
- Base guest image created: ubuntu.qcow2
- Guest OS installed: Ubuntu Server 22.04
- Guest interface: ens3
- Guest IPv4 address: 10.0.2.15/24
- Guest default gateway: 10.0.2.2
- SSH service is listening on port 22
- Host-to-guest SSH forwarding uses host port 2222
- Guest networking required DHCP troubleshooting and Netplan persistence configuration